powershell : remote: 
Permission to ezadecode
co-cmyk/cartalik.git 
denied to mohammedettou
ri25-source.
At line:1 char:1
+ powershell -Command 
"git remote set-url 
origin 
https://github.com/eza 
...
+ ~~~~~~~~~~~~~~~~~~~~~
~~~~~~~~~~~~~~~~~~~~~~~
~~~~~~~~~~~~~~~~~~~~~~~
~~
    + CategoryInfo     
         : NotSpecifi  
  ed: (remote: Permi   
 ss...touri25-sourc    
e.:String) [], Rem    
oteException
    + FullyQualifiedEr 
   rorId : NativeComm  
  andError
 
fatal: unable to 
access 'https://github.
com/ezadecodeco-cmyk/ca
rtalik.git/': The 
requested URL returned 
error: 403
